{"/home/brianboyko/source/mood-tracker/client/src/js/actions/index.js":{"path":"/home/brianboyko/source/mood-tracker/client/src/js/actions/index.js","s":{"1":1,"2":1,"3":1,"4":1,"5":1,"6":1,"7":2,"8":2,"9":0,"10":0,"11":0,"12":0,"13":0,"14":0,"15":0,"16":1},"b":{"1":[2,0],"2":[2,2],"3":[0,0],"4":[0,0]},"f":{"1":2},"fnMap":{"1":{"name":"_interopRequireWildcard","line":15,"loc":{"start":{"line":0,"column":0},"end":{"line":0,"column":0},"skip":true},"skip":true}},"statementMap":{"1":{"start":{"line":0,"column":0},"end":{"line":0,"column":0},"skip":true},"2":{"start":{"line":1,"column":-15},"end":{"line":1,"column":-15}},"3":{"start":{"line":0,"column":0},"end":{"line":0,"column":0},"skip":true},"4":{"start":{"line":2,"column":0},"end":{"line":2,"column":0}},"5":{"start":{"line":0,"column":0},"end":{"line":0,"column":0},"skip":true},"6":{"start":{"line":0,"column":0},"end":{"line":0,"column":0},"skip":true},"7":{"start":{"line":0,"column":0},"end":{"line":0,"column":0},"skip":true},"8":{"start":{"line":0,"column":0},"end":{"line":0,"column":0},"skip":true},"9":{"start":{"line":0,"column":0},"end":{"line":0,"column":0},"skip":true},"10":{"start":{"line":0,"column":0},"end":{"line":0,"column":0},"skip":true},"11":{"start":{"line":0,"column":0},"end":{"line":0,"column":0},"skip":true},"12":{"start":{"line":0,"column":0},"end":{"line":0,"column":0},"skip":true},"13":{"start":{"line":0,"column":0},"end":{"line":0,"column":0},"skip":true},"14":{"start":{"line":0,"column":0},"end":{"line":0,"column":0},"skip":true},"15":{"start":{"line":0,"column":0},"end":{"line":0,"column":0},"skip":true},"16":{"start":{"line":0,"column":0},"end":{"line":0,"column":0},"skip":true}},"branchMap":{"1":{"line":15,"type":"if","locations":[{"start":{"line":0,"column":0},"end":{"line":0,"column":0},"skip":true},{"start":{"line":0,"column":0},"end":{"line":0,"column":0},"skip":true}]},"2":{"line":15,"type":"binary-expr","locations":[{"start":{"line":0,"column":0},"end":{"line":0,"column":0},"skip":true},{"start":{"line":0,"column":0},"end":{"line":0,"column":0},"skip":true}]},"3":{"line":15,"type":"if","locations":[{"start":{"line":0,"column":0},"end":{"line":0,"column":0},"skip":true},{"start":{"line":0,"column":0},"end":{"line":0,"column":0},"skip":true}]},"4":{"line":15,"type":"if","locations":[{"start":{"line":0,"column":0},"end":{"line":0,"column":0},"skip":true},{"start":{"line":0,"column":0},"end":{"line":0,"column":0},"skip":true}]}}},"/home/brianboyko/source/mood-tracker/client/src/js/actions/test.js":{"path":"/home/brianboyko/source/mood-tracker/client/src/js/actions/test.js","s":{"1":1,"2":1,"3":1,"4":1,"5":3},"b":{},"f":{"1":3},"fnMap":{"1":{"name":"addOne","line":10,"loc":{"start":{"line":5,"column":22},"end":{"line":5,"column":22}}}},"statementMap":{"1":{"start":{"line":0,"column":0},"end":{"line":0,"column":0},"skip":true},"2":{"start":{"line":0,"column":0},"end":{"line":0,"column":0},"skip":true},"3":{"start":{"line":1,"column":-15},"end":{"line":1,"column":-15}},"4":{"start":{"line":5,"column":7},"end":{"line":5,"column":7}},"5":{"start":{"line":5,"column":22},"end":{"line":5,"column":22}}},"branchMap":{}},"/home/brianboyko/source/mood-tracker/client/src/js/constants/actions.js":{"path":"/home/brianboyko/source/mood-tracker/client/src/js/constants/actions.js","s":{"1":1,"2":1,"3":1},"b":{},"f":{},"fnMap":{},"statementMap":{"1":{"start":{"line":0,"column":0},"end":{"line":0,"column":0},"skip":true},"2":{"start":{"line":1,"column":-8},"end":{"line":1,"column":-8}},"3":{"start":{"line":2,"column":7},"end":{"line":2,"column":7}}},"branchMap":{}},"/home/brianboyko/source/mood-tracker/client/src/js/actions/hydration.js":{"path":"/home/brianboyko/source/mood-tracker/client/src/js/actions/hydration.js","s":{"1":1,"2":1,"3":1,"4":1,"5":0},"b":{},"f":{"1":0},"fnMap":{"1":{"name":"hydrate","line":10,"loc":{"start":{"line":5,"column":23},"end":{"line":5,"column":23}}}},"statementMap":{"1":{"start":{"line":0,"column":0},"end":{"line":0,"column":0},"skip":true},"2":{"start":{"line":0,"column":0},"end":{"line":0,"column":0},"skip":true},"3":{"start":{"line":1,"column":-15},"end":{"line":1,"column":-15}},"4":{"start":{"line":5,"column":7},"end":{"line":5,"column":7}},"5":{"start":{"line":5,"column":23},"end":{"line":5,"column":23}}},"branchMap":{}},"/home/brianboyko/source/mood-tracker/client/src/js/constants/index.js":{"path":"/home/brianboyko/source/mood-tracker/client/src/js/constants/index.js","s":{"1":1,"2":1,"3":1,"4":1,"5":1,"6":1,"7":0,"8":0,"9":0,"10":0,"11":0,"12":0,"13":0,"14":1},"b":{"1":[1,0],"2":[1,1],"3":[0,0],"4":[0,0]},"f":{"1":1},"fnMap":{"1":{"name":"_interopRequireWildcard","line":11,"loc":{"start":{"line":0,"column":0},"end":{"line":0,"column":0},"skip":true},"skip":true}},"statementMap":{"1":{"start":{"line":0,"column":0},"end":{"line":0,"column":0},"skip":true},"2":{"start":{"line":1,"column":-15},"end":{"line":1,"column":-15}},"3":{"start":{"line":0,"column":0},"end":{"line":0,"column":0},"skip":true},"4":{"start":{"line":0,"column":0},"end":{"line":0,"column":0},"skip":true},"5":{"start":{"line":0,"column":0},"end":{"line":0,"column":0},"skip":true},"6":{"start":{"line":0,"column":0},"end":{"line":0,"column":0},"skip":true},"7":{"start":{"line":0,"column":0},"end":{"line":0,"column":0},"skip":true},"8":{"start":{"line":0,"column":0},"end":{"line":0,"column":0},"skip":true},"9":{"start":{"line":0,"column":0},"end":{"line":0,"column":0},"skip":true},"10":{"start":{"line":0,"column":0},"end":{"line":0,"column":0},"skip":true},"11":{"start":{"line":0,"column":0},"end":{"line":0,"column":0},"skip":true},"12":{"start":{"line":0,"column":0},"end":{"line":0,"column":0},"skip":true},"13":{"start":{"line":0,"column":0},"end":{"line":0,"column":0},"skip":true},"14":{"start":{"line":0,"column":0},"end":{"line":0,"column":0},"skip":true}},"branchMap":{"1":{"line":11,"type":"if","locations":[{"start":{"line":0,"column":0},"end":{"line":0,"column":0},"skip":true},{"start":{"line":0,"column":0},"end":{"line":0,"column":0},"skip":true}]},"2":{"line":11,"type":"binary-expr","locations":[{"start":{"line":0,"column":0},"end":{"line":0,"column":0},"skip":true},{"start":{"line":0,"column":0},"end":{"line":0,"column":0},"skip":true}]},"3":{"line":11,"type":"if","locations":[{"start":{"line":0,"column":0},"end":{"line":0,"column":0},"skip":true},{"start":{"line":0,"column":0},"end":{"line":0,"column":0},"skip":true}]},"4":{"line":11,"type":"if","locations":[{"start":{"line":0,"column":0},"end":{"line":0,"column":0},"skip":true},{"start":{"line":0,"column":0},"end":{"line":0,"column":0},"skip":true}]}}},"/home/brianboyko/source/mood-tracker/client/src/js/reducers/test.js":{"path":"/home/brianboyko/source/mood-tracker/client/src/js/reducers/test.js","s":{"1":1,"2":1,"3":1,"4":1,"5":11,"6":11,"7":11,"8":5,"9":1,"10":5},"b":{"1":[4,7],"2":[11,11],"3":[5,1,5],"4":[1,0]},"f":{"1":11},"fnMap":{"1":{"name":"mytest","line":10,"loc":{"start":{"line":6,"column":7},"end":{"line":6,"column":41}}}},"statementMap":{"1":{"start":{"line":0,"column":0},"end":{"line":0,"column":0},"skip":true},"2":{"start":{"line":0,"column":0},"end":{"line":0,"column":0},"skip":true},"3":{"start":{"line":1,"column":-15},"end":{"line":1,"column":-15}},"4":{"start":{"line":6,"column":7},"end":{"line":17,"column":1}},"5":{"start":{"line":6,"column":41},"end":{"line":6,"column":41}},"6":{"start":{"line":6,"column":41},"end":{"line":6,"column":41}},"7":{"start":{"line":7,"column":2},"end":{"line":7,"column":2}},"8":{"start":{"line":9,"column":6},"end":{"line":9,"column":6}},"9":{"start":{"line":11,"column":6},"end":{"line":11,"column":6}},"10":{"start":{"line":15,"column":6},"end":{"line":15,"column":6}}},"branchMap":{"1":{"line":11,"type":"cond-expr","locations":[{"start":{"line":6,"column":31},"end":{"line":6,"column":41}},{"start":{"line":6,"column":41},"end":{"line":6,"column":41}}]},"2":{"line":11,"type":"binary-expr","locations":[{"start":{"line":6,"column":41},"end":{"line":6,"column":41}},{"start":{"line":6,"column":41},"end":{"line":6,"column":41}}]},"3":{"line":14,"type":"switch","locations":[{"start":{"line":8,"column":4},"end":{"line":9,"column":6}},{"start":{"line":10,"column":4},"end":{"line":11,"column":6}},{"start":{"line":14,"column":4},"end":{"line":15,"column":6}}]},"4":{"line":18,"type":"cond-expr","locations":[{"start":{"line":12,"column":8},"end":{"line":11,"column":13}},{"start":{"line":13,"column":8},"end":{"line":11,"column":6}}]}}},"/home/brianboyko/source/mood-tracker/client/src/js/store/storeConfig.js":{"path":"/home/brianboyko/source/mood-tracker/client/src/js/store/storeConfig.js","s":{"1":1,"2":1,"3":1,"4":1,"5":1,"6":1,"7":1,"8":1,"9":1,"10":1,"11":1,"12":1,"13":1,"14":4,"15":1,"16":1,"17":1,"18":1,"19":1,"20":0,"21":1,"22":1,"23":1,"24":1,"25":1,"26":1,"27":1,"28":1,"29":1,"30":1,"31":1,"32":1,"33":1,"34":1,"35":1,"36":1,"37":1},"b":{"1":[3,1],"2":[4,4],"3":[1,0],"4":[0,1],"5":[0,1]},"f":{"1":4,"2":1,"3":1,"4":1,"5":1},"fnMap":{"1":{"name":"_interopRequireDefault","line":28,"loc":{"start":{"line":0,"column":0},"end":{"line":0,"column":0},"skip":true},"skip":true},"2":{"name":"(anonymous_2)","line":76,"loc":{"start":{"line":54,"column":60},"end":{"line":54,"column":60}}},"3":{"name":"configureStore","line":81,"loc":{"start":{"line":57,"column":0},"end":{"line":57,"column":38}}},"4":{"name":"backupStore","line":110,"loc":{"start":{"line":86,"column":0},"end":{"line":86,"column":22}}},"5":{"name":"restoreStore","line":118,"loc":{"start":{"line":94,"column":0},"end":{"line":94,"column":23}}}},"statementMap":{"1":{"start":{"line":0,"column":0},"end":{"line":0,"column":0},"skip":true},"2":{"start":{"line":0,"column":0},"end":{"line":0,"column":0},"skip":true},"3":{"start":{"line":5,"column":0},"end":{"line":5,"column":0}},"4":{"start":{"line":9,"column":0},"end":{"line":9,"column":0}},"5":{"start":{"line":0,"column":0},"end":{"line":0,"column":0},"skip":true},"6":{"start":{"line":13,"column":0},"end":{"line":13,"column":0}},"7":{"start":{"line":0,"column":0},"end":{"line":0,"column":0},"skip":true},"8":{"start":{"line":16,"column":0},"end":{"line":16,"column":0}},"9":{"start":{"line":0,"column":0},"end":{"line":0,"column":0},"skip":true},"10":{"start":{"line":20,"column":0},"end":{"line":20,"column":0}},"11":{"start":{"line":0,"column":0},"end":{"line":0,"column":0},"skip":true},"12":{"start":{"line":29,"column":0},"end":{"line":29,"column":0}},"13":{"start":{"line":0,"column":0},"end":{"line":0,"column":0},"skip":true},"14":{"start":{"line":0,"column":0},"end":{"line":0,"column":0},"skip":true},"15":{"start":{"line":31,"column":0},"end":{"line":31,"column":0}},"16":{"start":{"line":0,"column":0},"end":{"line":0,"column":0},"skip":true},"17":{"start":{"line":38,"column":2},"end":{"line":38,"column":2}},"18":{"start":{"line":41,"column":0},"end":{"line":41,"column":0}},"19":{"start":{"line":48,"column":0},"end":{"line":50,"column":1}},"20":{"start":{"line":0,"column":0},"end":{"line":0,"column":0},"skip":true},"21":{"start":{"line":52,"column":0},"end":{"line":52,"column":0}},"22":{"start":{"line":54,"column":60},"end":{"line":54,"column":60}},"23":{"start":{"line":57,"column":0},"end":{"line":64,"column":1}},"24":{"start":{"line":61,"column":2},"end":{"line":61,"column":2}},"25":{"start":{"line":63,"column":2},"end":{"line":63,"column":2}},"26":{"start":{"line":72,"column":0},"end":{"line":72,"column":0}},"27":{"start":{"line":85,"column":0},"end":{"line":85,"column":0}},"28":{"start":{"line":86,"column":0},"end":{"line":90,"column":1}},"29":{"start":{"line":87,"column":2},"end":{"line":87,"column":2}},"30":{"start":{"line":94,"column":0},"end":{"line":96,"column":1}},"31":{"start":{"line":95,"column":2},"end":{"line":95,"column":2}},"32":{"start":{"line":98,"column":0},"end":{"line":98,"column":0}},"33":{"start":{"line":0,"column":0},"end":{"line":0,"column":0},"skip":true},"34":{"start":{"line":0,"column":0},"end":{"line":0,"column":0},"skip":true},"35":{"start":{"line":0,"column":0},"end":{"line":0,"column":0},"skip":true},"36":{"start":{"line":0,"column":0},"end":{"line":0,"column":0},"skip":true},"37":{"start":{"line":0,"column":0},"end":{"line":0,"column":0},"skip":true}},"branchMap":{"1":{"line":28,"type":"cond-expr","locations":[{"start":{"line":0,"column":0},"end":{"line":0,"column":0},"skip":true},{"start":{"line":0,"column":0},"end":{"line":0,"column":0},"skip":true}]},"2":{"line":28,"type":"binary-expr","locations":[{"start":{"line":0,"column":0},"end":{"line":0,"column":0},"skip":true},{"start":{"line":0,"column":0},"end":{"line":0,"column":0},"skip":true}]},"3":{"line":62,"type":"if","locations":[{"start":{"line":37,"column":0},"end":{"line":37,"column":0}},{"start":{"line":37,"column":0},"end":{"line":37,"column":0}}]},"4":{"line":72,"type":"if","locations":[{"start":{"line":48,"column":0},"end":{"line":48,"column":0}},{"start":{"line":48,"column":0},"end":{"line":48,"column":0}}]},"5":{"line":76,"type":"cond-expr","locations":[{"start":{"line":54,"column":31},"end":{"line":54,"column":4}},{"start":{"line":0,"column":0},"end":{"line":0,"column":0},"skip":true}]}}},"/home/brianboyko/source/mood-tracker/client/src/js/reducers/index.js":{"path":"/home/brianboyko/source/mood-tracker/client/src/js/reducers/index.js","s":{"1":1,"2":1,"3":1,"4":1,"5":1,"6":1,"7":1,"8":1,"9":0,"10":0,"11":0,"12":0,"13":0,"14":0,"15":0,"16":1,"17":1,"18":5,"19":0,"20":5,"21":1},"b":{"1":[1,0],"2":[1,1],"3":[0,0],"4":[0,0],"5":[0,5]},"f":{"1":1,"2":5},"fnMap":{"1":{"name":"_interopRequireWildcard","line":15,"loc":{"start":{"line":0,"column":0},"end":{"line":0,"column":0},"skip":true},"skip":true},"2":{"name":"rootReducer","line":21,"loc":{"start":{"line":11,"column":20},"end":{"line":11,"column":39}}}},"statementMap":{"1":{"start":{"line":0,"column":0},"end":{"line":0,"column":0},"skip":true},"2":{"start":{"line":5,"column":0},"end":{"line":5,"column":0}},"3":{"start":{"line":6,"column":0},"end":{"line":6,"column":0}},"4":{"start":{"line":0,"column":0},"end":{"line":0,"column":0},"skip":true},"5":{"start":{"line":7,"column":0},"end":{"line":7,"column":0}},"6":{"start":{"line":0,"column":0},"end":{"line":0,"column":0},"skip":true},"7":{"start":{"line":0,"column":0},"end":{"line":0,"column":0},"skip":true},"8":{"start":{"line":0,"column":0},"end":{"line":0,"column":0},"skip":true},"9":{"start":{"line":0,"column":0},"end":{"line":0,"column":0},"skip":true},"10":{"start":{"line":0,"column":0},"end":{"line":0,"column":0},"skip":true},"11":{"start":{"line":0,"column":0},"end":{"line":0,"column":0},"skip":true},"12":{"start":{"line":0,"column":0},"end":{"line":0,"column":0},"skip":true},"13":{"start":{"line":0,"column":0},"end":{"line":0,"column":0},"skip":true},"14":{"start":{"line":0,"column":0},"end":{"line":0,"column":0},"skip":true},"15":{"start":{"line":0,"column":0},"end":{"line":0,"column":0},"skip":true},"16":{"start":{"line":0,"column":0},"end":{"line":0,"column":0},"skip":true},"17":{"start":{"line":11,"column":0},"end":{"line":11,"column":0}},"18":{"start":{"line":12,"column":2},"end":{"line":18,"column":3}},"19":{"start":{"line":14,"column":4},"end":{"line":14,"column":4}},"20":{"start":{"line":17,"column":4},"end":{"line":17,"column":4}},"21":{"start":{"line":0,"column":0},"end":{"line":0,"column":0},"skip":true}},"branchMap":{"1":{"line":15,"type":"if","locations":[{"start":{"line":0,"column":0},"end":{"line":0,"column":0},"skip":true},{"start":{"line":0,"column":0},"end":{"line":0,"column":0},"skip":true}]},"2":{"line":15,"type":"binary-expr","locations":[{"start":{"line":0,"column":0},"end":{"line":0,"column":0},"skip":true},{"start":{"line":0,"column":0},"end":{"line":0,"column":0},"skip":true}]},"3":{"line":15,"type":"if","locations":[{"start":{"line":0,"column":0},"end":{"line":0,"column":0},"skip":true},{"start":{"line":0,"column":0},"end":{"line":0,"column":0},"skip":true}]},"4":{"line":15,"type":"if","locations":[{"start":{"line":0,"column":0},"end":{"line":0,"column":0},"skip":true},{"start":{"line":0,"column":0},"end":{"line":0,"column":0},"skip":true}]},"5":{"line":22,"type":"if","locations":[{"start":{"line":12,"column":2},"end":{"line":12,"column":2}},{"start":{"line":12,"column":2},"end":{"line":12,"column":2}}]}}},"/home/brianboyko/source/mood-tracker/client/src/js/utilities/reduxify.js":{"path":"/home/brianboyko/source/mood-tracker/client/src/js/utilities/reduxify.js","s":{"1":1,"2":1,"3":1,"4":1,"5":1,"6":1,"7":1,"8":0,"9":0,"10":1,"11":0,"12":0,"13":1,"14":0,"15":1},"b":{},"f":{"1":1,"2":0,"3":0,"4":0,"5":0},"fnMap":{"1":{"name":"reduxify","line":14,"loc":{"start":{"line":37,"column":7},"end":{"line":37,"column":44}}},"2":{"name":"mapStateToProps","line":17,"loc":{"start":{"line":39,"column":24},"end":{"line":39,"column":35}}},"3":{"name":"prepareActions","line":27,"loc":{"start":{"line":49,"column":23},"end":{"line":49,"column":23}}},"4":{"name":"(anonymous_4)","line":28,"loc":{"start":{"line":49,"column":36},"end":{"line":49,"column":36}}},"5":{"name":"mapDispatchToProps","line":44,"loc":{"start":{"line":63,"column":27},"end":{"line":63,"column":27}}}},"statementMap":{"1":{"start":{"line":0,"column":0},"end":{"line":0,"column":0},"skip":true},"2":{"start":{"line":0,"column":0},"end":{"line":0,"column":0},"skip":true},"3":{"start":{"line":27,"column":0},"end":{"line":27,"column":0}},"4":{"start":{"line":28,"column":0},"end":{"line":28,"column":0}},"5":{"start":{"line":34,"column":0},"end":{"line":34,"column":0}},"6":{"start":{"line":37,"column":7},"end":{"line":67,"column":1}},"7":{"start":{"line":39,"column":2},"end":{"line":39,"column":2}},"8":{"start":{"line":40,"column":4},"end":{"line":40,"column":4}},"9":{"start":{"line":47,"column":4},"end":{"line":47,"column":4}},"10":{"start":{"line":49,"column":2},"end":{"line":49,"column":2}},"11":{"start":{"line":49,"column":23},"end":{"line":49,"column":23}},"12":{"start":{"line":49,"column":36},"end":{"line":49,"column":36}},"13":{"start":{"line":63,"column":2},"end":{"line":63,"column":2}},"14":{"start":{"line":63,"column":27},"end":{"line":63,"column":27}},"15":{"start":{"line":65,"column":2},"end":{"line":65,"column":2}}},"branchMap":{}}}