{"/home/brianboyko/source/mood-tracker/client/src/js/actions/index.js":{"path":"/home/brianboyko/source/mood-tracker/client/src/js/actions/index.js","s":{"1":1,"2":1,"3":1,"4":1,"5":1,"6":1,"7":2,"8":2,"9":0,"10":0,"11":0,"12":0,"13":0,"14":0,"15":0,"16":1},"b":{"1":[2,0],"2":[2,2],"3":[0,0],"4":[0,0]},"f":{"1":2},"fnMap":{"1":{"name":"_interopRequireWildcard","line":15,"loc":{"start":{"line":0,"column":0},"end":{"line":0,"column":0},"skip":true},"skip":true}},"statementMap":{"1":{"start":{"line":0,"column":0},"end":{"line":0,"column":0},"skip":true},"2":{"start":{"line":1,"column":-15},"end":{"line":1,"column":-15}},"3":{"start":{"line":0,"column":0},"end":{"line":0,"column":0},"skip":true},"4":{"start":{"line":2,"column":0},"end":{"line":2,"column":0}},"5":{"start":{"line":0,"column":0},"end":{"line":0,"column":0},"skip":true},"6":{"start":{"line":0,"column":0},"end":{"line":0,"column":0},"skip":true},"7":{"start":{"line":0,"column":0},"end":{"line":0,"column":0},"skip":true},"8":{"start":{"line":0,"column":0},"end":{"line":0,"column":0},"skip":true},"9":{"start":{"line":0,"column":0},"end":{"line":0,"column":0},"skip":true},"10":{"start":{"line":0,"column":0},"end":{"line":0,"column":0},"skip":true},"11":{"start":{"line":0,"column":0},"end":{"line":0,"column":0},"skip":true},"12":{"start":{"line":0,"column":0},"end":{"line":0,"column":0},"skip":true},"13":{"start":{"line":0,"column":0},"end":{"line":0,"column":0},"skip":true},"14":{"start":{"line":0,"column":0},"end":{"line":0,"column":0},"skip":true},"15":{"start":{"line":0,"column":0},"end":{"line":0,"column":0},"skip":true},"16":{"start":{"line":0,"column":0},"end":{"line":0,"column":0},"skip":true}},"branchMap":{"1":{"line":15,"type":"if","locations":[{"start":{"line":0,"column":0},"end":{"line":0,"column":0},"skip":true},{"start":{"line":0,"column":0},"end":{"line":0,"column":0},"skip":true}]},"2":{"line":15,"type":"binary-expr","locations":[{"start":{"line":0,"column":0},"end":{"line":0,"column":0},"skip":true},{"start":{"line":0,"column":0},"end":{"line":0,"column":0},"skip":true}]},"3":{"line":15,"type":"if","locations":[{"start":{"line":0,"column":0},"end":{"line":0,"column":0},"skip":true},{"start":{"line":0,"column":0},"end":{"line":0,"column":0},"skip":true}]},"4":{"line":15,"type":"if","locations":[{"start":{"line":0,"column":0},"end":{"line":0,"column":0},"skip":true},{"start":{"line":0,"column":0},"end":{"line":0,"column":0},"skip":true}]}}},"/home/brianboyko/source/mood-tracker/client/src/js/actions/test.js":{"path":"/home/brianboyko/source/mood-tracker/client/src/js/actions/test.js","s":{"1":1,"2":1,"3":1,"4":1,"5":7},"b":{},"f":{"1":7},"fnMap":{"1":{"name":"addOne","line":10,"loc":{"start":{"line":5,"column":22},"end":{"line":5,"column":22}}}},"statementMap":{"1":{"start":{"line":0,"column":0},"end":{"line":0,"column":0},"skip":true},"2":{"start":{"line":0,"column":0},"end":{"line":0,"column":0},"skip":true},"3":{"start":{"line":1,"column":-15},"end":{"line":1,"column":-15}},"4":{"start":{"line":5,"column":7},"end":{"line":5,"column":7}},"5":{"start":{"line":5,"column":22},"end":{"line":5,"column":22}}},"branchMap":{}},"/home/brianboyko/source/mood-tracker/client/src/js/constants/actions.js":{"path":"/home/brianboyko/source/mood-tracker/client/src/js/constants/actions.js","s":{"1":1,"2":1,"3":1,"4":1},"b":{},"f":{},"fnMap":{},"statementMap":{"1":{"start":{"line":0,"column":0},"end":{"line":0,"column":0},"skip":true},"2":{"start":{"line":1,"column":-8},"end":{"line":1,"column":-8}},"3":{"start":{"line":2,"column":7},"end":{"line":2,"column":7}},"4":{"start":{"line":3,"column":7},"end":{"line":3,"column":7}}},"branchMap":{}},"/home/brianboyko/source/mood-tracker/client/src/js/actions/hydration.js":{"path":"/home/brianboyko/source/mood-tracker/client/src/js/actions/hydration.js","s":{"1":1,"2":1,"3":1,"4":1,"5":8,"6":1,"7":9},"b":{},"f":{"1":8,"2":9},"fnMap":{"1":{"name":"hydrate","line":10,"loc":{"start":{"line":6,"column":23},"end":{"line":6,"column":23}}},"2":{"name":"clearToDefault","line":13,"loc":{"start":{"line":7,"column":30},"end":{"line":7,"column":30}}}},"statementMap":{"1":{"start":{"line":0,"column":0},"end":{"line":0,"column":0},"skip":true},"2":{"start":{"line":0,"column":0},"end":{"line":0,"column":0},"skip":true},"3":{"start":{"line":1,"column":-15},"end":{"line":1,"column":-15}},"4":{"start":{"line":6,"column":7},"end":{"line":6,"column":7}},"5":{"start":{"line":6,"column":23},"end":{"line":6,"column":23}},"6":{"start":{"line":7,"column":7},"end":{"line":7,"column":7}},"7":{"start":{"line":7,"column":30},"end":{"line":7,"column":30}}},"branchMap":{}},"/home/brianboyko/source/mood-tracker/client/src/js/reducers/test.js":{"path":"/home/brianboyko/source/mood-tracker/client/src/js/reducers/test.js","s":{"1":1,"2":1,"3":1,"4":1,"5":29,"6":29,"7":29,"8":7,"9":7,"10":15},"b":{"1":[14,15],"2":[29,29],"3":[7,7,15],"4":[6,1]},"f":{"1":29},"fnMap":{"1":{"name":"mytest","line":10,"loc":{"start":{"line":6,"column":7},"end":{"line":6,"column":41}}}},"statementMap":{"1":{"start":{"line":0,"column":0},"end":{"line":0,"column":0},"skip":true},"2":{"start":{"line":0,"column":0},"end":{"line":0,"column":0},"skip":true},"3":{"start":{"line":1,"column":-15},"end":{"line":1,"column":-15}},"4":{"start":{"line":6,"column":7},"end":{"line":17,"column":1}},"5":{"start":{"line":6,"column":41},"end":{"line":6,"column":41}},"6":{"start":{"line":6,"column":41},"end":{"line":6,"column":41}},"7":{"start":{"line":7,"column":2},"end":{"line":7,"column":2}},"8":{"start":{"line":9,"column":6},"end":{"line":9,"column":6}},"9":{"start":{"line":11,"column":6},"end":{"line":11,"column":6}},"10":{"start":{"line":15,"column":6},"end":{"line":15,"column":6}}},"branchMap":{"1":{"line":11,"type":"cond-expr","locations":[{"start":{"line":6,"column":31},"end":{"line":6,"column":41}},{"start":{"line":6,"column":41},"end":{"line":6,"column":41}}]},"2":{"line":11,"type":"binary-expr","locations":[{"start":{"line":6,"column":41},"end":{"line":6,"column":41}},{"start":{"line":6,"column":41},"end":{"line":6,"column":41}}]},"3":{"line":14,"type":"switch","locations":[{"start":{"line":8,"column":4},"end":{"line":9,"column":6}},{"start":{"line":10,"column":4},"end":{"line":11,"column":6}},{"start":{"line":14,"column":4},"end":{"line":15,"column":6}}]},"4":{"line":18,"type":"cond-expr","locations":[{"start":{"line":12,"column":8},"end":{"line":11,"column":13}},{"start":{"line":13,"column":8},"end":{"line":11,"column":6}}]}}},"/home/brianboyko/source/mood-tracker/client/src/js/reducers/index.js":{"path":"/home/brianboyko/source/mood-tracker/client/src/js/reducers/index.js","s":{"1":1,"2":1,"3":1,"4":1,"5":1,"6":1,"7":1,"8":1,"9":0,"10":0,"11":0,"12":0,"13":0,"14":0,"15":0,"16":1,"17":1,"18":18,"19":8,"20":18,"21":1},"b":{"1":[1,0],"2":[1,1],"3":[0,0],"4":[0,0],"5":[8,10]},"f":{"1":1,"2":18},"fnMap":{"1":{"name":"_interopRequireWildcard","line":15,"loc":{"start":{"line":0,"column":0},"end":{"line":0,"column":0},"skip":true},"skip":true},"2":{"name":"rootReducer","line":21,"loc":{"start":{"line":11,"column":20},"end":{"line":11,"column":39}}}},"statementMap":{"1":{"start":{"line":0,"column":0},"end":{"line":0,"column":0},"skip":true},"2":{"start":{"line":5,"column":0},"end":{"line":5,"column":0}},"3":{"start":{"line":6,"column":0},"end":{"line":6,"column":0}},"4":{"start":{"line":0,"column":0},"end":{"line":0,"column":0},"skip":true},"5":{"start":{"line":7,"column":0},"end":{"line":7,"column":0}},"6":{"start":{"line":0,"column":0},"end":{"line":0,"column":0},"skip":true},"7":{"start":{"line":0,"column":0},"end":{"line":0,"column":0},"skip":true},"8":{"start":{"line":0,"column":0},"end":{"line":0,"column":0},"skip":true},"9":{"start":{"line":0,"column":0},"end":{"line":0,"column":0},"skip":true},"10":{"start":{"line":0,"column":0},"end":{"line":0,"column":0},"skip":true},"11":{"start":{"line":0,"column":0},"end":{"line":0,"column":0},"skip":true},"12":{"start":{"line":0,"column":0},"end":{"line":0,"column":0},"skip":true},"13":{"start":{"line":0,"column":0},"end":{"line":0,"column":0},"skip":true},"14":{"start":{"line":0,"column":0},"end":{"line":0,"column":0},"skip":true},"15":{"start":{"line":0,"column":0},"end":{"line":0,"column":0},"skip":true},"16":{"start":{"line":0,"column":0},"end":{"line":0,"column":0},"skip":true},"17":{"start":{"line":11,"column":0},"end":{"line":11,"column":0}},"18":{"start":{"line":12,"column":2},"end":{"line":14,"column":3}},"19":{"start":{"line":13,"column":4},"end":{"line":13,"column":4}},"20":{"start":{"line":15,"column":2},"end":{"line":15,"column":2}},"21":{"start":{"line":0,"column":0},"end":{"line":0,"column":0},"skip":true}},"branchMap":{"1":{"line":15,"type":"if","locations":[{"start":{"line":0,"column":0},"end":{"line":0,"column":0},"skip":true},{"start":{"line":0,"column":0},"end":{"line":0,"column":0},"skip":true}]},"2":{"line":15,"type":"binary-expr","locations":[{"start":{"line":0,"column":0},"end":{"line":0,"column":0},"skip":true},{"start":{"line":0,"column":0},"end":{"line":0,"column":0},"skip":true}]},"3":{"line":15,"type":"if","locations":[{"start":{"line":0,"column":0},"end":{"line":0,"column":0},"skip":true},{"start":{"line":0,"column":0},"end":{"line":0,"column":0},"skip":true}]},"4":{"line":15,"type":"if","locations":[{"start":{"line":0,"column":0},"end":{"line":0,"column":0},"skip":true},{"start":{"line":0,"column":0},"end":{"line":0,"column":0},"skip":true}]},"5":{"line":22,"type":"if","locations":[{"start":{"line":12,"column":2},"end":{"line":12,"column":2}},{"start":{"line":12,"column":2},"end":{"line":12,"column":2}}]}}},"/home/brianboyko/source/mood-tracker/client/src/js/store/storeConfig.js":{"path":"/home/brianboyko/source/mood-tracker/client/src/js/store/storeConfig.js","s":{"1":1,"2":1,"3":1,"4":1,"5":1,"6":1,"7":1,"8":1,"9":1,"10":1,"11":1,"12":1,"13":1,"14":1,"15":1,"16":1,"17":0,"18":0,"19":0,"20":0,"21":0,"22":0,"23":0,"24":1,"25":4,"26":1,"27":1,"28":1,"29":1,"30":1,"31":1,"32":0,"33":1,"34":1,"35":1,"36":1,"37":1,"38":1,"39":1,"40":1,"41":2,"42":1,"43":1,"44":1,"45":1,"46":1,"47":1,"48":1,"49":1},"b":{"1":[1,0],"2":[1,1],"3":[0,0],"4":[0,0],"5":[3,1],"6":[4,4],"7":[1,0],"8":[0,1],"9":[0,1]},"f":{"1":1,"2":4,"3":1,"4":1,"5":2,"6":1},"fnMap":{"1":{"name":"_interopRequireWildcard","line":30,"loc":{"start":{"line":0,"column":0},"end":{"line":0,"column":0},"skip":true},"skip":true},"2":{"name":"_interopRequireDefault","line":32,"loc":{"start":{"line":0,"column":0},"end":{"line":0,"column":0},"skip":true},"skip":true},"3":{"name":"(anonymous_3)","line":78,"loc":{"start":{"line":54,"column":60},"end":{"line":54,"column":60}}},"4":{"name":"configureStore","line":83,"loc":{"start":{"line":57,"column":0},"end":{"line":57,"column":38}}},"5":{"name":"backupStore","line":112,"loc":{"start":{"line":86,"column":0},"end":{"line":86,"column":22}}},"6":{"name":"restoreStore","line":120,"loc":{"start":{"line":94,"column":0},"end":{"line":94,"column":23}}}},"statementMap":{"1":{"start":{"line":0,"column":0},"end":{"line":0,"column":0},"skip":true},"2":{"start":{"line":0,"column":0},"end":{"line":0,"column":0},"skip":true},"3":{"start":{"line":5,"column":0},"end":{"line":5,"column":0}},"4":{"start":{"line":9,"column":0},"end":{"line":9,"column":0}},"5":{"start":{"line":0,"column":0},"end":{"line":0,"column":0},"skip":true},"6":{"start":{"line":13,"column":0},"end":{"line":13,"column":0}},"7":{"start":{"line":0,"column":0},"end":{"line":0,"column":0},"skip":true},"8":{"start":{"line":16,"column":0},"end":{"line":16,"column":0}},"9":{"start":{"line":0,"column":0},"end":{"line":0,"column":0},"skip":true},"10":{"start":{"line":20,"column":0},"end":{"line":20,"column":0}},"11":{"start":{"line":0,"column":0},"end":{"line":0,"column":0},"skip":true},"12":{"start":{"line":28,"column":0},"end":{"line":28,"column":0}},"13":{"start":{"line":0,"column":0},"end":{"line":0,"column":0},"skip":true},"14":{"start":{"line":0,"column":0},"end":{"line":0,"column":0},"skip":true},"15":{"start":{"line":0,"column":0},"end":{"line":0,"column":0},"skip":true},"16":{"start":{"line":0,"column":0},"end":{"line":0,"column":0},"skip":true},"17":{"start":{"line":0,"column":0},"end":{"line":0,"column":0},"skip":true},"18":{"start":{"line":0,"column":0},"end":{"line":0,"column":0},"skip":true},"19":{"start":{"line":0,"column":0},"end":{"line":0,"column":0},"skip":true},"20":{"start":{"line":0,"column":0},"end":{"line":0,"column":0},"skip":true},"21":{"start":{"line":0,"column":0},"end":{"line":0,"column":0},"skip":true},"22":{"start":{"line":0,"column":0},"end":{"line":0,"column":0},"skip":true},"23":{"start":{"line":0,"column":0},"end":{"line":0,"column":0},"skip":true},"24":{"start":{"line":0,"column":0},"end":{"line":0,"column":0},"skip":true},"25":{"start":{"line":0,"column":0},"end":{"line":0,"column":0},"skip":true},"26":{"start":{"line":0,"column":0},"end":{"line":0,"column":0},"skip":true},"27":{"start":{"line":31,"column":0},"end":{"line":31,"column":0}},"28":{"start":{"line":0,"column":0},"end":{"line":0,"column":0},"skip":true},"29":{"start":{"line":38,"column":2},"end":{"line":38,"column":2}},"30":{"start":{"line":41,"column":0},"end":{"line":41,"column":0}},"31":{"start":{"line":48,"column":0},"end":{"line":50,"column":1}},"32":{"start":{"line":0,"column":0},"end":{"line":0,"column":0},"skip":true},"33":{"start":{"line":52,"column":0},"end":{"line":52,"column":0}},"34":{"start":{"line":54,"column":60},"end":{"line":54,"column":60}},"35":{"start":{"line":57,"column":0},"end":{"line":64,"column":1}},"36":{"start":{"line":61,"column":2},"end":{"line":61,"column":2}},"37":{"start":{"line":63,"column":2},"end":{"line":63,"column":2}},"38":{"start":{"line":72,"column":0},"end":{"line":72,"column":0}},"39":{"start":{"line":85,"column":0},"end":{"line":85,"column":0}},"40":{"start":{"line":86,"column":0},"end":{"line":90,"column":1}},"41":{"start":{"line":87,"column":2},"end":{"line":87,"column":2}},"42":{"start":{"line":94,"column":0},"end":{"line":96,"column":1}},"43":{"start":{"line":95,"column":2},"end":{"line":95,"column":2}},"44":{"start":{"line":98,"column":0},"end":{"line":98,"column":0}},"45":{"start":{"line":0,"column":0},"end":{"line":0,"column":0},"skip":true},"46":{"start":{"line":0,"column":0},"end":{"line":0,"column":0},"skip":true},"47":{"start":{"line":0,"column":0},"end":{"line":0,"column":0},"skip":true},"48":{"start":{"line":0,"column":0},"end":{"line":0,"column":0},"skip":true},"49":{"start":{"line":0,"column":0},"end":{"line":0,"column":0},"skip":true}},"branchMap":{"1":{"line":30,"type":"if","locations":[{"start":{"line":0,"column":0},"end":{"line":0,"column":0},"skip":true},{"start":{"line":0,"column":0},"end":{"line":0,"column":0},"skip":true}]},"2":{"line":30,"type":"binary-expr","locations":[{"start":{"line":0,"column":0},"end":{"line":0,"column":0},"skip":true},{"start":{"line":0,"column":0},"end":{"line":0,"column":0},"skip":true}]},"3":{"line":30,"type":"if","locations":[{"start":{"line":0,"column":0},"end":{"line":0,"column":0},"skip":true},{"start":{"line":0,"column":0},"end":{"line":0,"column":0},"skip":true}]},"4":{"line":30,"type":"if","locations":[{"start":{"line":0,"column":0},"end":{"line":0,"column":0},"skip":true},{"start":{"line":0,"column":0},"end":{"line":0,"column":0},"skip":true}]},"5":{"line":32,"type":"cond-expr","locations":[{"start":{"line":0,"column":0},"end":{"line":0,"column":0},"skip":true},{"start":{"line":0,"column":0},"end":{"line":0,"column":0},"skip":true}]},"6":{"line":32,"type":"binary-expr","locations":[{"start":{"line":0,"column":0},"end":{"line":0,"column":0},"skip":true},{"start":{"line":0,"column":0},"end":{"line":0,"column":0},"skip":true}]},"7":{"line":64,"type":"if","locations":[{"start":{"line":37,"column":0},"end":{"line":37,"column":0}},{"start":{"line":37,"column":0},"end":{"line":37,"column":0}}]},"8":{"line":74,"type":"if","locations":[{"start":{"line":48,"column":0},"end":{"line":48,"column":0}},{"start":{"line":48,"column":0},"end":{"line":48,"column":0}}]},"9":{"line":78,"type":"cond-expr","locations":[{"start":{"line":54,"column":31},"end":{"line":54,"column":4}},{"start":{"line":0,"column":0},"end":{"line":0,"column":0},"skip":true}]}}},"/home/brianboyko/source/mood-tracker/client/src/js/utilities/reduxify.js":{"path":"/home/brianboyko/source/mood-tracker/client/src/js/utilities/reduxify.js","s":{"1":1,"2":1,"3":1,"4":1,"5":1,"6":1,"7":1,"8":17,"9":17,"10":1,"11":1,"12":1,"13":1,"14":1,"15":1},"b":{},"f":{"1":1,"2":17,"3":1,"4":1,"5":1},"fnMap":{"1":{"name":"reduxify","line":14,"loc":{"start":{"line":37,"column":7},"end":{"line":37,"column":44}}},"2":{"name":"mapStateToProps","line":17,"loc":{"start":{"line":39,"column":24},"end":{"line":39,"column":35}}},"3":{"name":"prepareActions","line":27,"loc":{"start":{"line":49,"column":23},"end":{"line":49,"column":23}}},"4":{"name":"(anonymous_4)","line":28,"loc":{"start":{"line":49,"column":36},"end":{"line":49,"column":36}}},"5":{"name":"mapDispatchToProps","line":44,"loc":{"start":{"line":63,"column":27},"end":{"line":63,"column":27}}}},"statementMap":{"1":{"start":{"line":0,"column":0},"end":{"line":0,"column":0},"skip":true},"2":{"start":{"line":0,"column":0},"end":{"line":0,"column":0},"skip":true},"3":{"start":{"line":27,"column":0},"end":{"line":27,"column":0}},"4":{"start":{"line":28,"column":0},"end":{"line":28,"column":0}},"5":{"start":{"line":34,"column":0},"end":{"line":34,"column":0}},"6":{"start":{"line":37,"column":7},"end":{"line":67,"column":1}},"7":{"start":{"line":39,"column":2},"end":{"line":39,"column":2}},"8":{"start":{"line":40,"column":4},"end":{"line":40,"column":4}},"9":{"start":{"line":47,"column":4},"end":{"line":47,"column":4}},"10":{"start":{"line":49,"column":2},"end":{"line":49,"column":2}},"11":{"start":{"line":49,"column":23},"end":{"line":49,"column":23}},"12":{"start":{"line":49,"column":36},"end":{"line":49,"column":36}},"13":{"start":{"line":63,"column":2},"end":{"line":63,"column":2}},"14":{"start":{"line":63,"column":27},"end":{"line":63,"column":27}},"15":{"start":{"line":65,"column":2},"end":{"line":65,"column":2}}},"branchMap":{}}}