TN:
SF:/home/brianboyko/source/mood-tracker/client/src/js/actions/index.js
FN:15,_interopRequireWildcard
FNF:1
FNH:1
FNDA:2,_interopRequireWildcard
DA:0,2
DA:1,1
DA:2,1
LF:3
LH:3
BRDA:15,1,0,2
BRDA:15,1,1,0
BRDA:15,2,0,2
BRDA:15,2,1,2
BRDA:15,3,0,0
BRDA:15,3,1,0
BRDA:15,4,0,0
BRDA:15,4,1,0
BRF:8
BRH:8
end_of_record
TN:
SF:/home/brianboyko/source/mood-tracker/client/src/js/actions/test.js
FN:10,addOne
FNF:1
FNH:1
FNDA:3,addOne
DA:0,1
DA:1,1
DA:5,3
LF:3
LH:3
BRF:0
BRH:0
end_of_record
TN:
SF:/home/brianboyko/source/mood-tracker/client/src/js/constants/actions.js
FNF:0
FNH:0
DA:0,1
DA:1,1
DA:2,1
LF:3
LH:3
BRF:0
BRH:0
end_of_record
TN:
SF:/home/brianboyko/source/mood-tracker/client/src/js/actions/hydration.js
FN:10,hydrate
FNF:1
FNH:0
FNDA:0,hydrate
DA:0,1
DA:1,1
DA:5,1
LF:3
LH:3
BRF:0
BRH:0
end_of_record
TN:
SF:/home/brianboyko/source/mood-tracker/client/src/js/constants/index.js
FN:11,_interopRequireWildcard
FNF:1
FNH:1
FNDA:1,_interopRequireWildcard
DA:0,1
DA:1,1
LF:2
LH:2
BRDA:11,1,0,1
BRDA:11,1,1,0
BRDA:11,2,0,1
BRDA:11,2,1,1
BRDA:11,3,0,0
BRDA:11,3,1,0
BRDA:11,4,0,0
BRDA:11,4,1,0
BRF:8
BRH:8
end_of_record
TN:
SF:/home/brianboyko/source/mood-tracker/client/src/js/reducers/test.js
FN:10,mytest
FNF:1
FNH:1
FNDA:11,mytest
DA:0,1
DA:1,1
DA:6,11
DA:7,11
DA:9,5
DA:11,1
DA:15,5
LF:7
LH:7
BRDA:11,1,0,4
BRDA:11,1,1,7
BRDA:11,2,0,11
BRDA:11,2,1,11
BRDA:14,3,0,5
BRDA:14,3,1,1
BRDA:14,3,2,5
BRDA:18,4,0,1
BRDA:18,4,1,0
BRF:9
BRH:8
end_of_record
TN:
SF:/home/brianboyko/source/mood-tracker/client/src/js/store/storeConfig.js
FN:28,_interopRequireDefault
FN:76,(anonymous_2)
FN:81,configureStore
FN:110,backupStore
FN:118,restoreStore
FNF:5
FNH:5
FNDA:4,_interopRequireDefault
FNDA:1,(anonymous_2)
FNDA:1,configureStore
FNDA:1,backupStore
FNDA:1,restoreStore
DA:0,4
DA:5,1
DA:9,1
DA:13,1
DA:16,1
DA:20,1
DA:29,1
DA:31,1
DA:38,1
DA:41,1
DA:48,1
DA:52,1
DA:54,1
DA:57,1
DA:61,1
DA:63,1
DA:72,1
DA:85,1
DA:86,1
DA:87,1
DA:94,1
DA:95,1
DA:98,1
LF:23
LH:23
BRDA:28,1,0,3
BRDA:28,1,1,1
BRDA:28,2,0,4
BRDA:28,2,1,4
BRDA:62,3,0,1
BRDA:62,3,1,0
BRDA:72,4,0,0
BRDA:72,4,1,1
BRDA:76,5,0,0
BRDA:76,5,1,1
BRF:10
BRH:7
end_of_record
TN:
SF:/home/brianboyko/source/mood-tracker/client/src/js/reducers/index.js
FN:15,_interopRequireWildcard
FN:21,rootReducer
FNF:2
FNH:2
FNDA:1,_interopRequireWildcard
FNDA:5,rootReducer
DA:0,1
DA:5,1
DA:6,1
DA:7,1
DA:11,1
DA:12,5
DA:14,0
DA:17,5
LF:8
LH:7
BRDA:15,1,0,1
BRDA:15,1,1,0
BRDA:15,2,0,1
BRDA:15,2,1,1
BRDA:15,3,0,0
BRDA:15,3,1,0
BRDA:15,4,0,0
BRDA:15,4,1,0
BRDA:22,5,0,0
BRDA:22,5,1,5
BRF:10
BRH:9
end_of_record
TN:
SF:/home/brianboyko/source/mood-tracker/client/src/js/utilities/reduxify.js
FN:14,reduxify
FN:17,mapStateToProps
FN:27,prepareActions
FN:28,(anonymous_4)
FN:44,mapDispatchToProps
FNF:5
FNH:1
FNDA:1,reduxify
FNDA:0,mapStateToProps
FNDA:0,prepareActions
FNDA:0,(anonymous_4)
FNDA:0,mapDispatchToProps
DA:0,1
DA:27,1
DA:28,1
DA:34,1
DA:37,1
DA:39,1
DA:40,0
DA:47,0
DA:49,1
DA:63,1
DA:65,1
LF:11
LH:9
BRF:0
BRH:0
end_of_record
