TN:
SF:/home/brianboyko/source/mood-tracker/client/src/js/actions/index.js
FN:15,_interopRequireWildcard
FNF:1
FNH:1
FNDA:2,_interopRequireWildcard
DA:0,2
DA:1,1
DA:2,1
LF:3
LH:3
BRDA:15,1,0,2
BRDA:15,1,1,0
BRDA:15,2,0,2
BRDA:15,2,1,2
BRDA:15,3,0,0
BRDA:15,3,1,0
BRDA:15,4,0,0
BRDA:15,4,1,0
BRF:8
BRH:8
end_of_record
TN:
SF:/home/brianboyko/source/mood-tracker/client/src/js/actions/test.js
FN:10,addOne
FNF:1
FNH:1
FNDA:7,addOne
DA:0,1
DA:1,1
DA:5,7
LF:3
LH:3
BRF:0
BRH:0
end_of_record
TN:
SF:/home/brianboyko/source/mood-tracker/client/src/js/constants/actions.js
FNF:0
FNH:0
DA:0,1
DA:1,1
DA:2,1
DA:3,1
LF:4
LH:4
BRF:0
BRH:0
end_of_record
TN:
SF:/home/brianboyko/source/mood-tracker/client/src/js/actions/hydration.js
FN:10,hydrate
FN:13,clearToDefault
FNF:2
FNH:2
FNDA:8,hydrate
FNDA:9,clearToDefault
DA:0,1
DA:1,1
DA:6,8
DA:7,9
LF:4
LH:4
BRF:0
BRH:0
end_of_record
TN:
SF:/home/brianboyko/source/mood-tracker/client/src/js/reducers/test.js
FN:10,mytest
FNF:1
FNH:1
FNDA:29,mytest
DA:0,1
DA:1,1
DA:6,29
DA:7,29
DA:9,7
DA:11,7
DA:15,15
LF:7
LH:7
BRDA:11,1,0,14
BRDA:11,1,1,15
BRDA:11,2,0,29
BRDA:11,2,1,29
BRDA:14,3,0,7
BRDA:14,3,1,7
BRDA:14,3,2,15
BRDA:18,4,0,6
BRDA:18,4,1,1
BRF:9
BRH:9
end_of_record
TN:
SF:/home/brianboyko/source/mood-tracker/client/src/js/reducers/index.js
FN:15,_interopRequireWildcard
FN:21,rootReducer
FNF:2
FNH:2
FNDA:1,_interopRequireWildcard
FNDA:18,rootReducer
DA:0,1
DA:5,1
DA:6,1
DA:7,1
DA:11,1
DA:12,18
DA:13,8
DA:15,18
LF:8
LH:8
BRDA:15,1,0,1
BRDA:15,1,1,0
BRDA:15,2,0,1
BRDA:15,2,1,1
BRDA:15,3,0,0
BRDA:15,3,1,0
BRDA:15,4,0,0
BRDA:15,4,1,0
BRDA:22,5,0,8
BRDA:22,5,1,10
BRF:10
BRH:10
end_of_record
TN:
SF:/home/brianboyko/source/mood-tracker/client/src/js/store/storeConfig.js
FN:30,_interopRequireWildcard
FN:32,_interopRequireDefault
FN:78,(anonymous_3)
FN:83,configureStore
FN:112,backupStore
FN:120,restoreStore
FNF:6
FNH:6
FNDA:1,_interopRequireWildcard
FNDA:4,_interopRequireDefault
FNDA:1,(anonymous_3)
FNDA:1,configureStore
FNDA:2,backupStore
FNDA:1,restoreStore
DA:0,4
DA:5,1
DA:9,1
DA:13,1
DA:16,1
DA:20,1
DA:28,1
DA:31,1
DA:38,1
DA:41,1
DA:48,1
DA:52,1
DA:54,1
DA:57,1
DA:61,1
DA:63,1
DA:72,1
DA:85,1
DA:86,1
DA:87,2
DA:94,1
DA:95,1
DA:98,1
LF:23
LH:23
BRDA:30,1,0,1
BRDA:30,1,1,0
BRDA:30,2,0,1
BRDA:30,2,1,1
BRDA:30,3,0,0
BRDA:30,3,1,0
BRDA:30,4,0,0
BRDA:30,4,1,0
BRDA:32,5,0,3
BRDA:32,5,1,1
BRDA:32,6,0,4
BRDA:32,6,1,4
BRDA:64,7,0,1
BRDA:64,7,1,0
BRDA:74,8,0,0
BRDA:74,8,1,1
BRDA:78,9,0,0
BRDA:78,9,1,1
BRF:18
BRH:15
end_of_record
TN:
SF:/home/brianboyko/source/mood-tracker/client/src/js/utilities/reduxify.js
FN:14,reduxify
FN:17,mapStateToProps
FN:27,prepareActions
FN:28,(anonymous_4)
FN:44,mapDispatchToProps
FNF:5
FNH:5
FNDA:1,reduxify
FNDA:17,mapStateToProps
FNDA:1,prepareActions
FNDA:1,(anonymous_4)
FNDA:1,mapDispatchToProps
DA:0,1
DA:27,1
DA:28,1
DA:34,1
DA:37,1
DA:39,1
DA:40,17
DA:47,17
DA:49,1
DA:63,1
DA:65,1
LF:11
LH:11
BRF:0
BRH:0
end_of_record
